Started GET "/" for 127.0.0.1 at 2021-01-29 17:07:47 -0300
  
ActiveRecord::ConnectionNotEstablished (Access denied for user 'ENV['DB_USER']'@'localhost' (using password: YES)):
  
activerecord (6.1.1) lib/active_record/connection_adapters/mysql2_adapter.rb:45:in `rescue in new_client'
activerecord (6.1.1) lib/active_record/connection_adapters/mysql2_adapter.rb:39:in `new_client'
activerecord (6.1.1) lib/active_record/connection_adapters/mysql2_adapter.rb:23:in `mysql2_connection'
activerecord (6.1.1) lib/active_record/connection_adapters/abstract/connection_pool.rb:882:in `public_send'
activerecord (6.1.1) lib/active_record/connection_adapters/abstract/connection_pool.rb:882:in `new_connection'
activerecord (6.1.1) lib/active_record/connection_adapters/abstract/connection_pool.rb:926:in `checkout_new_connection'
activerecord (6.1.1) lib/active_record/connection_adapters/abstract/connection_pool.rb:905:in `try_to_checkout_new_connection'
activerecord (6.1.1) lib/active_record/connection_adapters/abstract/connection_pool.rb:866:in `acquire_connection'
activerecord (6.1.1) lib/active_record/connection_adapters/abstract/connection_pool.rb:588:in `checkout'
activerecord (6.1.1) lib/active_record/connection_adapters/abstract/connection_pool.rb:428:in `connection'
activerecord (6.1.1) lib/active_record/connection_adapters/abstract/connection_pool.rb:1128:in `retrieve_connection'
activerecord (6.1.1) lib/active_record/connection_handling.rb:319:in `retrieve_connection'
activerecord (6.1.1) lib/active_record/connection_handling.rb:275:in `connection'
activerecord (6.1.1) lib/active_record/migration.rb:611:in `connection'
activerecord (6.1.1) lib/active_record/migration.rb:606:in `build_watcher'
activerecord (6.1.1) lib/active_record/migration.rb:588:in `block in call'
activerecord (6.1.1) lib/active_record/migration.rb:587:in `synchronize'
activerecord (6.1.1) lib/active_record/migration.rb:587:in `call'
actionpack (6.1.1) lib/action_dispatch/middleware/callbacks.rb:27:in `block in call'
activesupport (6.1.1) lib/active_support/callbacks.rb:98:in `run_callbacks'
actionpack (6.1.1) lib/action_dispatch/middleware/callbacks.rb:26:in `call'
actionpack (6.1.1) lib/action_dispatch/middleware/executor.rb:14:in `call'
actionpack (6.1.1) lib/action_dispatch/middleware/actionable_exceptions.rb:18:in `call'
actionpack (6.1.1) lib/action_dispatch/middleware/debug_exceptions.rb:29:in `call'
web-console (4.1.0) lib/web_console/middleware.rb:132:in `call_app'
web-console (4.1.0) lib/web_console/middleware.rb:28:in `block in call'
web-console (4.1.0) lib/web_console/middleware.rb:17:in `catch'
web-console (4.1.0) lib/web_console/middleware.rb:17:in `call'
actionpack (6.1.1) lib/action_dispatch/middleware/show_exceptions.rb:33:in `call'
railties (6.1.1) lib/rails/rack/logger.rb:37:in `call_app'
railties (6.1.1) lib/rails/rack/logger.rb:26:in `block in call'
activesupport (6.1.1) lib/active_support/tagged_logging.rb:99:in `block in tagged'
activesupport (6.1.1) lib/active_support/tagged_logging.rb:37:in `tagged'
activesupport (6.1.1) lib/active_support/tagged_logging.rb:99:in `tagged'
railties (6.1.1) lib/rails/rack/logger.rb:26:in `call'
sprockets-rails (3.2.2) lib/sprockets/rails/quiet_assets.rb:13:in `call'
actionpack (6.1.1) lib/action_dispatch/middleware/remote_ip.rb:81:in `call'
actionpack (6.1.1) lib/action_dispatch/middleware/request_id.rb:26:in `call'
rack (2.2.3) lib/rack/method_override.rb:24:in `call'
rack (2.2.3) lib/rack/runtime.rb:22:in `call'
activesupport (6.1.1) lib/active_support/cache/strategy/local_cache_middleware.rb:29:in `call'
actionpack (6.1.1) lib/action_dispatch/middleware/executor.rb:14:in `call'
actionpack (6.1.1) lib/action_dispatch/middleware/static.rb:24:in `call'
rack (2.2.3) lib/rack/sendfile.rb:110:in `call'
actionpack (6.1.1) lib/action_dispatch/middleware/host_authorization.rb:98:in `call'
rack-mini-profiler (2.3.1) lib/mini_profiler/profiler.rb:373:in `call'
webpacker (5.2.1) lib/webpacker/dev_server_proxy.rb:25:in `perform_request'
rack-proxy (0.6.5) lib/rack/proxy.rb:57:in `call'
railties (6.1.1) lib/rails/engine.rb:539:in `call'
puma (5.2.0) lib/puma/configuration.rb:247:in `call'
puma (5.2.0) lib/puma/request.rb:76:in `block in handle_request'
puma (5.2.0) lib/puma/thread_pool.rb:337:in `with_force_shutdown'
puma (5.2.0) lib/puma/request.rb:75:in `handle_request'
puma (5.2.0) lib/puma/server.rb:432:in `process_client'
puma (5.2.0) lib/puma/thread_pool.rb:145:in `block in spawn_thread'
Started GET "/" for 127.0.0.1 at 2021-01-29 17:13:51 -0300
  
ActiveRecord::ConnectionNotEstablished (Access denied for user 'ENV['DB_USER']'@'localhost' (using password: YES)):
  
activerecord (6.1.1) lib/active_record/connection_adapters/mysql2_adapter.rb:45:in `rescue in new_client'
activerecord (6.1.1) lib/active_record/connection_adapters/mysql2_adapter.rb:39:in `new_client'
activerecord (6.1.1) lib/active_record/connection_adapters/mysql2_adapter.rb:23:in `mysql2_connection'
activerecord (6.1.1) lib/active_record/connection_adapters/abstract/connection_pool.rb:882:in `public_send'
activerecord (6.1.1) lib/active_record/connection_adapters/abstract/connection_pool.rb:882:in `new_connection'
activerecord (6.1.1) lib/active_record/connection_adapters/abstract/connection_pool.rb:926:in `checkout_new_connection'
activerecord (6.1.1) lib/active_record/connection_adapters/abstract/connection_pool.rb:905:in `try_to_checkout_new_connection'
activerecord (6.1.1) lib/active_record/connection_adapters/abstract/connection_pool.rb:866:in `acquire_connection'
activerecord (6.1.1) lib/active_record/connection_adapters/abstract/connection_pool.rb:588:in `checkout'
activerecord (6.1.1) lib/active_record/connection_adapters/abstract/connection_pool.rb:428:in `connection'
activerecord (6.1.1) lib/active_record/connection_adapters/abstract/connection_pool.rb:1128:in `retrieve_connection'
activerecord (6.1.1) lib/active_record/connection_handling.rb:319:in `retrieve_connection'
activerecord (6.1.1) lib/active_record/connection_handling.rb:275:in `connection'
activerecord (6.1.1) lib/active_record/migration.rb:611:in `connection'
activerecord (6.1.1) lib/active_record/migration.rb:606:in `build_watcher'
activerecord (6.1.1) lib/active_record/migration.rb:588:in `block in call'
activerecord (6.1.1) lib/active_record/migration.rb:587:in `synchronize'
activerecord (6.1.1) lib/active_record/migration.rb:587:in `call'
actionpack (6.1.1) lib/action_dispatch/middleware/callbacks.rb:27:in `block in call'
activesupport (6.1.1) lib/active_support/callbacks.rb:98:in `run_callbacks'
actionpack (6.1.1) lib/action_dispatch/middleware/callbacks.rb:26:in `call'
actionpack (6.1.1) lib/action_dispatch/middleware/executor.rb:14:in `call'
actionpack (6.1.1) lib/action_dispatch/middleware/actionable_exceptions.rb:18:in `call'
actionpack (6.1.1) lib/action_dispatch/middleware/debug_exceptions.rb:29:in `call'
web-console (4.1.0) lib/web_console/middleware.rb:132:in `call_app'
web-console (4.1.0) lib/web_console/middleware.rb:28:in `block in call'
web-console (4.1.0) lib/web_console/middleware.rb:17:in `catch'
web-console (4.1.0) lib/web_console/middleware.rb:17:in `call'
actionpack (6.1.1) lib/action_dispatch/middleware/show_exceptions.rb:33:in `call'
railties (6.1.1) lib/rails/rack/logger.rb:37:in `call_app'
railties (6.1.1) lib/rails/rack/logger.rb:26:in `block in call'
activesupport (6.1.1) lib/active_support/tagged_logging.rb:99:in `block in tagged'
activesupport (6.1.1) lib/active_support/tagged_logging.rb:37:in `tagged'
activesupport (6.1.1) lib/active_support/tagged_logging.rb:99:in `tagged'
railties (6.1.1) lib/rails/rack/logger.rb:26:in `call'
sprockets-rails (3.2.2) lib/sprockets/rails/quiet_assets.rb:13:in `call'
actionpack (6.1.1) lib/action_dispatch/middleware/remote_ip.rb:81:in `call'
actionpack (6.1.1) lib/action_dispatch/middleware/request_id.rb:26:in `call'
rack (2.2.3) lib/rack/method_override.rb:24:in `call'
rack (2.2.3) lib/rack/runtime.rb:22:in `call'
activesupport (6.1.1) lib/active_support/cache/strategy/local_cache_middleware.rb:29:in `call'
actionpack (6.1.1) lib/action_dispatch/middleware/executor.rb:14:in `call'
actionpack (6.1.1) lib/action_dispatch/middleware/static.rb:24:in `call'
rack (2.2.3) lib/rack/sendfile.rb:110:in `call'
actionpack (6.1.1) lib/action_dispatch/middleware/host_authorization.rb:98:in `call'
rack-mini-profiler (2.3.1) lib/mini_profiler/profiler.rb:373:in `call'
webpacker (5.2.1) lib/webpacker/dev_server_proxy.rb:25:in `perform_request'
rack-proxy (0.6.5) lib/rack/proxy.rb:57:in `call'
railties (6.1.1) lib/rails/engine.rb:539:in `call'
puma (5.2.0) lib/puma/configuration.rb:247:in `call'
puma (5.2.0) lib/puma/request.rb:76:in `block in handle_request'
puma (5.2.0) lib/puma/thread_pool.rb:337:in `with_force_shutdown'
puma (5.2.0) lib/puma/request.rb:75:in `handle_request'
puma (5.2.0) lib/puma/server.rb:432:in `process_client'
puma (5.2.0) lib/puma/thread_pool.rb:145:in `block in spawn_thread'
Started GET "/" for 127.0.0.1 at 2021-01-29 17:17:40 -0300
  
ActiveRecord::ConnectionNotEstablished (Access denied for user 'ENV["DB_USER"]'@'localhost' (using password: YES)):
  
activerecord (6.1.1) lib/active_record/connection_adapters/mysql2_adapter.rb:45:in `rescue in new_client'
activerecord (6.1.1) lib/active_record/connection_adapters/mysql2_adapter.rb:39:in `new_client'
activerecord (6.1.1) lib/active_record/connection_adapters/mysql2_adapter.rb:23:in `mysql2_connection'
activerecord (6.1.1) lib/active_record/connection_adapters/abstract/connection_pool.rb:882:in `public_send'
activerecord (6.1.1) lib/active_record/connection_adapters/abstract/connection_pool.rb:882:in `new_connection'
activerecord (6.1.1) lib/active_record/connection_adapters/abstract/connection_pool.rb:926:in `checkout_new_connection'
activerecord (6.1.1) lib/active_record/connection_adapters/abstract/connection_pool.rb:905:in `try_to_checkout_new_connection'
activerecord (6.1.1) lib/active_record/connection_adapters/abstract/connection_pool.rb:866:in `acquire_connection'
activerecord (6.1.1) lib/active_record/connection_adapters/abstract/connection_pool.rb:588:in `checkout'
activerecord (6.1.1) lib/active_record/connection_adapters/abstract/connection_pool.rb:428:in `connection'
activerecord (6.1.1) lib/active_record/connection_adapters/abstract/connection_pool.rb:1128:in `retrieve_connection'
activerecord (6.1.1) lib/active_record/connection_handling.rb:319:in `retrieve_connection'
activerecord (6.1.1) lib/active_record/connection_handling.rb:275:in `connection'
activerecord (6.1.1) lib/active_record/migration.rb:611:in `connection'
activerecord (6.1.1) lib/active_record/migration.rb:606:in `build_watcher'
activerecord (6.1.1) lib/active_record/migration.rb:588:in `block in call'
activerecord (6.1.1) lib/active_record/migration.rb:587:in `synchronize'
activerecord (6.1.1) lib/active_record/migration.rb:587:in `call'
actionpack (6.1.1) lib/action_dispatch/middleware/callbacks.rb:27:in `block in call'
activesupport (6.1.1) lib/active_support/callbacks.rb:98:in `run_callbacks'
actionpack (6.1.1) lib/action_dispatch/middleware/callbacks.rb:26:in `call'
actionpack (6.1.1) lib/action_dispatch/middleware/executor.rb:14:in `call'
actionpack (6.1.1) lib/action_dispatch/middleware/actionable_exceptions.rb:18:in `call'
actionpack (6.1.1) lib/action_dispatch/middleware/debug_exceptions.rb:29:in `call'
web-console (4.1.0) lib/web_console/middleware.rb:132:in `call_app'
web-console (4.1.0) lib/web_console/middleware.rb:28:in `block in call'
web-console (4.1.0) lib/web_console/middleware.rb:17:in `catch'
web-console (4.1.0) lib/web_console/middleware.rb:17:in `call'
actionpack (6.1.1) lib/action_dispatch/middleware/show_exceptions.rb:33:in `call'
railties (6.1.1) lib/rails/rack/logger.rb:37:in `call_app'
railties (6.1.1) lib/rails/rack/logger.rb:26:in `block in call'
activesupport (6.1.1) lib/active_support/tagged_logging.rb:99:in `block in tagged'
activesupport (6.1.1) lib/active_support/tagged_logging.rb:37:in `tagged'
activesupport (6.1.1) lib/active_support/tagged_logging.rb:99:in `tagged'
railties (6.1.1) lib/rails/rack/logger.rb:26:in `call'
sprockets-rails (3.2.2) lib/sprockets/rails/quiet_assets.rb:13:in `call'
actionpack (6.1.1) lib/action_dispatch/middleware/remote_ip.rb:81:in `call'
actionpack (6.1.1) lib/action_dispatch/middleware/request_id.rb:26:in `call'
rack (2.2.3) lib/rack/method_override.rb:24:in `call'
rack (2.2.3) lib/rack/runtime.rb:22:in `call'
activesupport (6.1.1) lib/active_support/cache/strategy/local_cache_middleware.rb:29:in `call'
actionpack (6.1.1) lib/action_dispatch/middleware/executor.rb:14:in `call'
actionpack (6.1.1) lib/action_dispatch/middleware/static.rb:24:in `call'
rack (2.2.3) lib/rack/sendfile.rb:110:in `call'
actionpack (6.1.1) lib/action_dispatch/middleware/host_authorization.rb:98:in `call'
rack-mini-profiler (2.3.1) lib/mini_profiler/profiler.rb:373:in `call'
webpacker (5.2.1) lib/webpacker/dev_server_proxy.rb:25:in `perform_request'
rack-proxy (0.6.5) lib/rack/proxy.rb:57:in `call'
railties (6.1.1) lib/rails/engine.rb:539:in `call'
puma (5.2.0) lib/puma/configuration.rb:247:in `call'
puma (5.2.0) lib/puma/request.rb:76:in `block in handle_request'
puma (5.2.0) lib/puma/thread_pool.rb:337:in `with_force_shutdown'
puma (5.2.0) lib/puma/request.rb:75:in `handle_request'
puma (5.2.0) lib/puma/server.rb:432:in `process_client'
puma (5.2.0) lib/puma/thread_pool.rb:145:in `block in spawn_thread'
Started GET "/" for 127.0.0.1 at 2021-01-29 17:22:42 -0300
  
ActiveRecord::ConnectionNotEstablished (Access denied for user 'ENV["DB_USER"]'@'localhost' (using password: YES)):
  
activerecord (6.1.1) lib/active_record/connection_adapters/mysql2_adapter.rb:45:in `rescue in new_client'
activerecord (6.1.1) lib/active_record/connection_adapters/mysql2_adapter.rb:39:in `new_client'
activerecord (6.1.1) lib/active_record/connection_adapters/mysql2_adapter.rb:23:in `mysql2_connection'
activerecord (6.1.1) lib/active_record/connection_adapters/abstract/connection_pool.rb:882:in `public_send'
activerecord (6.1.1) lib/active_record/connection_adapters/abstract/connection_pool.rb:882:in `new_connection'
activerecord (6.1.1) lib/active_record/connection_adapters/abstract/connection_pool.rb:926:in `checkout_new_connection'
activerecord (6.1.1) lib/active_record/connection_adapters/abstract/connection_pool.rb:905:in `try_to_checkout_new_connection'
activerecord (6.1.1) lib/active_record/connection_adapters/abstract/connection_pool.rb:866:in `acquire_connection'
activerecord (6.1.1) lib/active_record/connection_adapters/abstract/connection_pool.rb:588:in `checkout'
activerecord (6.1.1) lib/active_record/connection_adapters/abstract/connection_pool.rb:428:in `connection'
activerecord (6.1.1) lib/active_record/connection_adapters/abstract/connection_pool.rb:1128:in `retrieve_connection'
activerecord (6.1.1) lib/active_record/connection_handling.rb:319:in `retrieve_connection'
activerecord (6.1.1) lib/active_record/connection_handling.rb:275:in `connection'
activerecord (6.1.1) lib/active_record/migration.rb:611:in `connection'
activerecord (6.1.1) lib/active_record/migration.rb:606:in `build_watcher'
activerecord (6.1.1) lib/active_record/migration.rb:588:in `block in call'
activerecord (6.1.1) lib/active_record/migration.rb:587:in `synchronize'
activerecord (6.1.1) lib/active_record/migration.rb:587:in `call'
actionpack (6.1.1) lib/action_dispatch/middleware/callbacks.rb:27:in `block in call'
activesupport (6.1.1) lib/active_support/callbacks.rb:98:in `run_callbacks'
actionpack (6.1.1) lib/action_dispatch/middleware/callbacks.rb:26:in `call'
actionpack (6.1.1) lib/action_dispatch/middleware/executor.rb:14:in `call'
actionpack (6.1.1) lib/action_dispatch/middleware/actionable_exceptions.rb:18:in `call'
actionpack (6.1.1) lib/action_dispatch/middleware/debug_exceptions.rb:29:in `call'
web-console (4.1.0) lib/web_console/middleware.rb:132:in `call_app'
web-console (4.1.0) lib/web_console/middleware.rb:28:in `block in call'
web-console (4.1.0) lib/web_console/middleware.rb:17:in `catch'
web-console (4.1.0) lib/web_console/middleware.rb:17:in `call'
actionpack (6.1.1) lib/action_dispatch/middleware/show_exceptions.rb:33:in `call'
railties (6.1.1) lib/rails/rack/logger.rb:37:in `call_app'
railties (6.1.1) lib/rails/rack/logger.rb:26:in `block in call'
activesupport (6.1.1) lib/active_support/tagged_logging.rb:99:in `block in tagged'
activesupport (6.1.1) lib/active_support/tagged_logging.rb:37:in `tagged'
activesupport (6.1.1) lib/active_support/tagged_logging.rb:99:in `tagged'
railties (6.1.1) lib/rails/rack/logger.rb:26:in `call'
sprockets-rails (3.2.2) lib/sprockets/rails/quiet_assets.rb:13:in `call'
actionpack (6.1.1) lib/action_dispatch/middleware/remote_ip.rb:81:in `call'
actionpack (6.1.1) lib/action_dispatch/middleware/request_id.rb:26:in `call'
rack (2.2.3) lib/rack/method_override.rb:24:in `call'
rack (2.2.3) lib/rack/runtime.rb:22:in `call'
activesupport (6.1.1) lib/active_support/cache/strategy/local_cache_middleware.rb:29:in `call'
actionpack (6.1.1) lib/action_dispatch/middleware/executor.rb:14:in `call'
actionpack (6.1.1) lib/action_dispatch/middleware/static.rb:24:in `call'
rack (2.2.3) lib/rack/sendfile.rb:110:in `call'
actionpack (6.1.1) lib/action_dispatch/middleware/host_authorization.rb:98:in `call'
rack-mini-profiler (2.3.1) lib/mini_profiler/profiler.rb:373:in `call'
webpacker (5.2.1) lib/webpacker/dev_server_proxy.rb:25:in `perform_request'
rack-proxy (0.6.5) lib/rack/proxy.rb:57:in `call'
railties (6.1.1) lib/rails/engine.rb:539:in `call'
puma (5.2.0) lib/puma/configuration.rb:247:in `call'
puma (5.2.0) lib/puma/request.rb:76:in `block in handle_request'
puma (5.2.0) lib/puma/thread_pool.rb:337:in `with_force_shutdown'
puma (5.2.0) lib/puma/request.rb:75:in `handle_request'
puma (5.2.0) lib/puma/server.rb:432:in `process_client'
puma (5.2.0) lib/puma/thread_pool.rb:145:in `block in spawn_thread'
Started GET "/" for 127.0.0.1 at 2021-01-29 17:22:59 -0300
  
ActiveRecord::ConnectionNotEstablished (Access denied for user 'admindaiana'@'localhost' (using password: YES)):
  
activerecord (6.1.1) lib/active_record/connection_adapters/mysql2_adapter.rb:45:in `rescue in new_client'
activerecord (6.1.1) lib/active_record/connection_adapters/mysql2_adapter.rb:39:in `new_client'
activerecord (6.1.1) lib/active_record/connection_adapters/mysql2_adapter.rb:23:in `mysql2_connection'
activerecord (6.1.1) lib/active_record/connection_adapters/abstract/connection_pool.rb:882:in `public_send'
activerecord (6.1.1) lib/active_record/connection_adapters/abstract/connection_pool.rb:882:in `new_connection'
activerecord (6.1.1) lib/active_record/connection_adapters/abstract/connection_pool.rb:926:in `checkout_new_connection'
activerecord (6.1.1) lib/active_record/connection_adapters/abstract/connection_pool.rb:905:in `try_to_checkout_new_connection'
activerecord (6.1.1) lib/active_record/connection_adapters/abstract/connection_pool.rb:866:in `acquire_connection'
activerecord (6.1.1) lib/active_record/connection_adapters/abstract/connection_pool.rb:588:in `checkout'
activerecord (6.1.1) lib/active_record/connection_adapters/abstract/connection_pool.rb:428:in `connection'
activerecord (6.1.1) lib/active_record/connection_adapters/abstract/connection_pool.rb:1128:in `retrieve_connection'
activerecord (6.1.1) lib/active_record/connection_handling.rb:319:in `retrieve_connection'
activerecord (6.1.1) lib/active_record/connection_handling.rb:275:in `connection'
activerecord (6.1.1) lib/active_record/migration.rb:611:in `connection'
activerecord (6.1.1) lib/active_record/migration.rb:606:in `build_watcher'
activerecord (6.1.1) lib/active_record/migration.rb:588:in `block in call'
activerecord (6.1.1) lib/active_record/migration.rb:587:in `synchronize'
activerecord (6.1.1) lib/active_record/migration.rb:587:in `call'
actionpack (6.1.1) lib/action_dispatch/middleware/callbacks.rb:27:in `block in call'
activesupport (6.1.1) lib/active_support/callbacks.rb:98:in `run_callbacks'
actionpack (6.1.1) lib/action_dispatch/middleware/callbacks.rb:26:in `call'
actionpack (6.1.1) lib/action_dispatch/middleware/executor.rb:14:in `call'
actionpack (6.1.1) lib/action_dispatch/middleware/actionable_exceptions.rb:18:in `call'
actionpack (6.1.1) lib/action_dispatch/middleware/debug_exceptions.rb:29:in `call'
web-console (4.1.0) lib/web_console/middleware.rb:132:in `call_app'
web-console (4.1.0) lib/web_console/middleware.rb:28:in `block in call'
web-console (4.1.0) lib/web_console/middleware.rb:17:in `catch'
web-console (4.1.0) lib/web_console/middleware.rb:17:in `call'
actionpack (6.1.1) lib/action_dispatch/middleware/show_exceptions.rb:33:in `call'
railties (6.1.1) lib/rails/rack/logger.rb:37:in `call_app'
railties (6.1.1) lib/rails/rack/logger.rb:26:in `block in call'
activesupport (6.1.1) lib/active_support/tagged_logging.rb:99:in `block in tagged'
activesupport (6.1.1) lib/active_support/tagged_logging.rb:37:in `tagged'
activesupport (6.1.1) lib/active_support/tagged_logging.rb:99:in `tagged'
railties (6.1.1) lib/rails/rack/logger.rb:26:in `call'
sprockets-rails (3.2.2) lib/sprockets/rails/quiet_assets.rb:13:in `call'
actionpack (6.1.1) lib/action_dispatch/middleware/remote_ip.rb:81:in `call'
actionpack (6.1.1) lib/action_dispatch/middleware/request_id.rb:26:in `call'
rack (2.2.3) lib/rack/method_override.rb:24:in `call'
rack (2.2.3) lib/rack/runtime.rb:22:in `call'
activesupport (6.1.1) lib/active_support/cache/strategy/local_cache_middleware.rb:29:in `call'
actionpack (6.1.1) lib/action_dispatch/middleware/executor.rb:14:in `call'
actionpack (6.1.1) lib/action_dispatch/middleware/static.rb:24:in `call'
rack (2.2.3) lib/rack/sendfile.rb:110:in `call'
actionpack (6.1.1) lib/action_dispatch/middleware/host_authorization.rb:98:in `call'
rack-mini-profiler (2.3.1) lib/mini_profiler/profiler.rb:373:in `call'
webpacker (5.2.1) lib/webpacker/dev_server_proxy.rb:25:in `perform_request'
rack-proxy (0.6.5) lib/rack/proxy.rb:57:in `call'
railties (6.1.1) lib/rails/engine.rb:539:in `call'
puma (5.2.0) lib/puma/configuration.rb:247:in `call'
puma (5.2.0) lib/puma/request.rb:76:in `block in handle_request'
puma (5.2.0) lib/puma/thread_pool.rb:337:in `with_force_shutdown'
puma (5.2.0) lib/puma/request.rb:75:in `handle_request'
puma (5.2.0) lib/puma/server.rb:432:in `process_client'
puma (5.2.0) lib/puma/thread_pool.rb:145:in `block in spawn_thread'
Started GET "/" for 127.0.0.1 at 2021-01-29 17:29:12 -0300
  
ActiveRecord::ConnectionNotEstablished (Access denied for user 'admindaiana'@'localhost' (using password: YES)):
  
activerecord (6.1.1) lib/active_record/connection_adapters/mysql2_adapter.rb:45:in `rescue in new_client'
activerecord (6.1.1) lib/active_record/connection_adapters/mysql2_adapter.rb:39:in `new_client'
activerecord (6.1.1) lib/active_record/connection_adapters/mysql2_adapter.rb:23:in `mysql2_connection'
activerecord (6.1.1) lib/active_record/connection_adapters/abstract/connection_pool.rb:882:in `public_send'
activerecord (6.1.1) lib/active_record/connection_adapters/abstract/connection_pool.rb:882:in `new_connection'
activerecord (6.1.1) lib/active_record/connection_adapters/abstract/connection_pool.rb:926:in `checkout_new_connection'
activerecord (6.1.1) lib/active_record/connection_adapters/abstract/connection_pool.rb:905:in `try_to_checkout_new_connection'
activerecord (6.1.1) lib/active_record/connection_adapters/abstract/connection_pool.rb:866:in `acquire_connection'
activerecord (6.1.1) lib/active_record/connection_adapters/abstract/connection_pool.rb:588:in `checkout'
activerecord (6.1.1) lib/active_record/connection_adapters/abstract/connection_pool.rb:428:in `connection'
activerecord (6.1.1) lib/active_record/connection_adapters/abstract/connection_pool.rb:1128:in `retrieve_connection'
activerecord (6.1.1) lib/active_record/connection_handling.rb:319:in `retrieve_connection'
activerecord (6.1.1) lib/active_record/connection_handling.rb:275:in `connection'
activerecord (6.1.1) lib/active_record/migration.rb:611:in `connection'
activerecord (6.1.1) lib/active_record/migration.rb:606:in `build_watcher'
activerecord (6.1.1) lib/active_record/migration.rb:588:in `block in call'
activerecord (6.1.1) lib/active_record/migration.rb:587:in `synchronize'
activerecord (6.1.1) lib/active_record/migration.rb:587:in `call'
actionpack (6.1.1) lib/action_dispatch/middleware/callbacks.rb:27:in `block in call'
activesupport (6.1.1) lib/active_support/callbacks.rb:98:in `run_callbacks'
actionpack (6.1.1) lib/action_dispatch/middleware/callbacks.rb:26:in `call'
actionpack (6.1.1) lib/action_dispatch/middleware/executor.rb:14:in `call'
actionpack (6.1.1) lib/action_dispatch/middleware/actionable_exceptions.rb:18:in `call'
actionpack (6.1.1) lib/action_dispatch/middleware/debug_exceptions.rb:29:in `call'
web-console (4.1.0) lib/web_console/middleware.rb:132:in `call_app'
web-console (4.1.0) lib/web_console/middleware.rb:28:in `block in call'
web-console (4.1.0) lib/web_console/middleware.rb:17:in `catch'
web-console (4.1.0) lib/web_console/middleware.rb:17:in `call'
actionpack (6.1.1) lib/action_dispatch/middleware/show_exceptions.rb:33:in `call'
railties (6.1.1) lib/rails/rack/logger.rb:37:in `call_app'
railties (6.1.1) lib/rails/rack/logger.rb:26:in `block in call'
activesupport (6.1.1) lib/active_support/tagged_logging.rb:99:in `block in tagged'
activesupport (6.1.1) lib/active_support/tagged_logging.rb:37:in `tagged'
activesupport (6.1.1) lib/active_support/tagged_logging.rb:99:in `tagged'
railties (6.1.1) lib/rails/rack/logger.rb:26:in `call'
sprockets-rails (3.2.2) lib/sprockets/rails/quiet_assets.rb:13:in `call'
actionpack (6.1.1) lib/action_dispatch/middleware/remote_ip.rb:81:in `call'
actionpack (6.1.1) lib/action_dispatch/middleware/request_id.rb:26:in `call'
rack (2.2.3) lib/rack/method_override.rb:24:in `call'
rack (2.2.3) lib/rack/runtime.rb:22:in `call'
activesupport (6.1.1) lib/active_support/cache/strategy/local_cache_middleware.rb:29:in `call'
actionpack (6.1.1) lib/action_dispatch/middleware/executor.rb:14:in `call'
actionpack (6.1.1) lib/action_dispatch/middleware/static.rb:24:in `call'
rack (2.2.3) lib/rack/sendfile.rb:110:in `call'
actionpack (6.1.1) lib/action_dispatch/middleware/host_authorization.rb:98:in `call'
rack-mini-profiler (2.3.1) lib/mini_profiler/profiler.rb:373:in `call'
webpacker (5.2.1) lib/webpacker/dev_server_proxy.rb:25:in `perform_request'
rack-proxy (0.6.5) lib/rack/proxy.rb:57:in `call'
railties (6.1.1) lib/rails/engine.rb:539:in `call'
puma (5.2.0) lib/puma/configuration.rb:247:in `call'
puma (5.2.0) lib/puma/request.rb:76:in `block in handle_request'
puma (5.2.0) lib/puma/thread_pool.rb:337:in `with_force_shutdown'
puma (5.2.0) lib/puma/request.rb:75:in `handle_request'
puma (5.2.0) lib/puma/server.rb:432:in `process_client'
puma (5.2.0) lib/puma/thread_pool.rb:145:in `block in spawn_thread'
Started POST "/__web_console/repl_sessions/c5ca1839458e0ffbbbe0ae6652e64b65/trace" for 127.0.0.1 at 2021-01-29 17:37:19 -0300
Started POST "/__web_console/repl_sessions/c5ca1839458e0ffbbbe0ae6652e64b65/trace" for 127.0.0.1 at 2021-01-29 17:37:23 -0300
Started POST "/__web_console/repl_sessions/c5ca1839458e0ffbbbe0ae6652e64b65/trace" for 127.0.0.1 at 2021-01-29 17:37:26 -0300
Started POST "/__web_console/repl_sessions/c5ca1839458e0ffbbbe0ae6652e64b65/trace" for 127.0.0.1 at 2021-01-29 17:37:30 -0300
Started POST "/__web_console/repl_sessions/c5ca1839458e0ffbbbe0ae6652e64b65/trace" for 127.0.0.1 at 2021-01-29 17:37:35 -0300
Started GET "/" for 127.0.0.1 at 2021-01-29 18:22:08 -0300
  
ActiveRecord::ConnectionNotEstablished (Access denied for user 'admindaiana'@'localhost' (using password: YES)):
  
activerecord (6.1.1) lib/active_record/connection_adapters/mysql2_adapter.rb:45:in `rescue in new_client'
activerecord (6.1.1) lib/active_record/connection_adapters/mysql2_adapter.rb:39:in `new_client'
activerecord (6.1.1) lib/active_record/connection_adapters/mysql2_adapter.rb:23:in `mysql2_connection'
activerecord (6.1.1) lib/active_record/connection_adapters/abstract/connection_pool.rb:882:in `public_send'
activerecord (6.1.1) lib/active_record/connection_adapters/abstract/connection_pool.rb:882:in `new_connection'
activerecord (6.1.1) lib/active_record/connection_adapters/abstract/connection_pool.rb:926:in `checkout_new_connection'
activerecord (6.1.1) lib/active_record/connection_adapters/abstract/connection_pool.rb:905:in `try_to_checkout_new_connection'
activerecord (6.1.1) lib/active_record/connection_adapters/abstract/connection_pool.rb:866:in `acquire_connection'
activerecord (6.1.1) lib/active_record/connection_adapters/abstract/connection_pool.rb:588:in `checkout'
activerecord (6.1.1) lib/active_record/connection_adapters/abstract/connection_pool.rb:428:in `connection'
activerecord (6.1.1) lib/active_record/connection_adapters/abstract/connection_pool.rb:1128:in `retrieve_connection'
activerecord (6.1.1) lib/active_record/connection_handling.rb:319:in `retrieve_connection'
activerecord (6.1.1) lib/active_record/connection_handling.rb:275:in `connection'
activerecord (6.1.1) lib/active_record/migration.rb:611:in `connection'
activerecord (6.1.1) lib/active_record/migration.rb:606:in `build_watcher'
activerecord (6.1.1) lib/active_record/migration.rb:588:in `block in call'
activerecord (6.1.1) lib/active_record/migration.rb:587:in `synchronize'
activerecord (6.1.1) lib/active_record/migration.rb:587:in `call'
actionpack (6.1.1) lib/action_dispatch/middleware/callbacks.rb:27:in `block in call'
activesupport (6.1.1) lib/active_support/callbacks.rb:98:in `run_callbacks'
actionpack (6.1.1) lib/action_dispatch/middleware/callbacks.rb:26:in `call'
actionpack (6.1.1) lib/action_dispatch/middleware/executor.rb:14:in `call'
actionpack (6.1.1) lib/action_dispatch/middleware/actionable_exceptions.rb:18:in `call'
actionpack (6.1.1) lib/action_dispatch/middleware/debug_exceptions.rb:29:in `call'
web-console (4.1.0) lib/web_console/middleware.rb:132:in `call_app'
web-console (4.1.0) lib/web_console/middleware.rb:28:in `block in call'
web-console (4.1.0) lib/web_console/middleware.rb:17:in `catch'
web-console (4.1.0) lib/web_console/middleware.rb:17:in `call'
actionpack (6.1.1) lib/action_dispatch/middleware/show_exceptions.rb:33:in `call'
railties (6.1.1) lib/rails/rack/logger.rb:37:in `call_app'
railties (6.1.1) lib/rails/rack/logger.rb:26:in `block in call'
activesupport (6.1.1) lib/active_support/tagged_logging.rb:99:in `block in tagged'
activesupport (6.1.1) lib/active_support/tagged_logging.rb:37:in `tagged'
activesupport (6.1.1) lib/active_support/tagged_logging.rb:99:in `tagged'
railties (6.1.1) lib/rails/rack/logger.rb:26:in `call'
sprockets-rails (3.2.2) lib/sprockets/rails/quiet_assets.rb:13:in `call'
actionpack (6.1.1) lib/action_dispatch/middleware/remote_ip.rb:81:in `call'
actionpack (6.1.1) lib/action_dispatch/middleware/request_id.rb:26:in `call'
rack (2.2.3) lib/rack/method_override.rb:24:in `call'
rack (2.2.3) lib/rack/runtime.rb:22:in `call'
activesupport (6.1.1) lib/active_support/cache/strategy/local_cache_middleware.rb:29:in `call'
actionpack (6.1.1) lib/action_dispatch/middleware/executor.rb:14:in `call'
actionpack (6.1.1) lib/action_dispatch/middleware/static.rb:24:in `call'
rack (2.2.3) lib/rack/sendfile.rb:110:in `call'
actionpack (6.1.1) lib/action_dispatch/middleware/host_authorization.rb:98:in `call'
rack-mini-profiler (2.3.1) lib/mini_profiler/profiler.rb:373:in `call'
webpacker (5.2.1) lib/webpacker/dev_server_proxy.rb:25:in `perform_request'
rack-proxy (0.6.5) lib/rack/proxy.rb:57:in `call'
railties (6.1.1) lib/rails/engine.rb:539:in `call'
puma (5.2.0) lib/puma/configuration.rb:247:in `call'
puma (5.2.0) lib/puma/request.rb:76:in `block in handle_request'
puma (5.2.0) lib/puma/thread_pool.rb:337:in `with_force_shutdown'
puma (5.2.0) lib/puma/request.rb:75:in `handle_request'
puma (5.2.0) lib/puma/server.rb:432:in `process_client'
puma (5.2.0) lib/puma/thread_pool.rb:145:in `block in spawn_thread'
Started GET "/" for 127.0.0.1 at 2021-01-29 18:31:08 -0300
  
ActiveRecord::NoDatabaseError (Unknown database 'tpi_final_web_development'):
  
activerecord (6.1.1) lib/active_record/connection_adapters/mysql2_adapter.rb:43:in `rescue in new_client'
activerecord (6.1.1) lib/active_record/connection_adapters/mysql2_adapter.rb:39:in `new_client'
activerecord (6.1.1) lib/active_record/connection_adapters/mysql2_adapter.rb:23:in `mysql2_connection'
activerecord (6.1.1) lib/active_record/connection_adapters/abstract/connection_pool.rb:882:in `public_send'
activerecord (6.1.1) lib/active_record/connection_adapters/abstract/connection_pool.rb:882:in `new_connection'
activerecord (6.1.1) lib/active_record/connection_adapters/abstract/connection_pool.rb:926:in `checkout_new_connection'
activerecord (6.1.1) lib/active_record/connection_adapters/abstract/connection_pool.rb:905:in `try_to_checkout_new_connection'
activerecord (6.1.1) lib/active_record/connection_adapters/abstract/connection_pool.rb:866:in `acquire_connection'
activerecord (6.1.1) lib/active_record/connection_adapters/abstract/connection_pool.rb:588:in `checkout'
activerecord (6.1.1) lib/active_record/connection_adapters/abstract/connection_pool.rb:428:in `connection'
activerecord (6.1.1) lib/active_record/connection_adapters/abstract/connection_pool.rb:1128:in `retrieve_connection'
activerecord (6.1.1) lib/active_record/connection_handling.rb:319:in `retrieve_connection'
activerecord (6.1.1) lib/active_record/connection_handling.rb:275:in `connection'
activerecord (6.1.1) lib/active_record/migration.rb:611:in `connection'
activerecord (6.1.1) lib/active_record/migration.rb:606:in `build_watcher'
activerecord (6.1.1) lib/active_record/migration.rb:588:in `block in call'
activerecord (6.1.1) lib/active_record/migration.rb:587:in `synchronize'
activerecord (6.1.1) lib/active_record/migration.rb:587:in `call'
actionpack (6.1.1) lib/action_dispatch/middleware/callbacks.rb:27:in `block in call'
activesupport (6.1.1) lib/active_support/callbacks.rb:98:in `run_callbacks'
actionpack (6.1.1) lib/action_dispatch/middleware/callbacks.rb:26:in `call'
actionpack (6.1.1) lib/action_dispatch/middleware/executor.rb:14:in `call'
actionpack (6.1.1) lib/action_dispatch/middleware/actionable_exceptions.rb:18:in `call'
actionpack (6.1.1) lib/action_dispatch/middleware/debug_exceptions.rb:29:in `call'
web-console (4.1.0) lib/web_console/middleware.rb:132:in `call_app'
web-console (4.1.0) lib/web_console/middleware.rb:28:in `block in call'
web-console (4.1.0) lib/web_console/middleware.rb:17:in `catch'
web-console (4.1.0) lib/web_console/middleware.rb:17:in `call'
actionpack (6.1.1) lib/action_dispatch/middleware/show_exceptions.rb:33:in `call'
railties (6.1.1) lib/rails/rack/logger.rb:37:in `call_app'
railties (6.1.1) lib/rails/rack/logger.rb:26:in `block in call'
activesupport (6.1.1) lib/active_support/tagged_logging.rb:99:in `block in tagged'
activesupport (6.1.1) lib/active_support/tagged_logging.rb:37:in `tagged'
activesupport (6.1.1) lib/active_support/tagged_logging.rb:99:in `tagged'
railties (6.1.1) lib/rails/rack/logger.rb:26:in `call'
sprockets-rails (3.2.2) lib/sprockets/rails/quiet_assets.rb:13:in `call'
actionpack (6.1.1) lib/action_dispatch/middleware/remote_ip.rb:81:in `call'
actionpack (6.1.1) lib/action_dispatch/middleware/request_id.rb:26:in `call'
rack (2.2.3) lib/rack/method_override.rb:24:in `call'
rack (2.2.3) lib/rack/runtime.rb:22:in `call'
activesupport (6.1.1) lib/active_support/cache/strategy/local_cache_middleware.rb:29:in `call'
actionpack (6.1.1) lib/action_dispatch/middleware/executor.rb:14:in `call'
actionpack (6.1.1) lib/action_dispatch/middleware/static.rb:24:in `call'
rack (2.2.3) lib/rack/sendfile.rb:110:in `call'
actionpack (6.1.1) lib/action_dispatch/middleware/host_authorization.rb:98:in `call'
rack-mini-profiler (2.3.1) lib/mini_profiler/profiler.rb:373:in `call'
webpacker (5.2.1) lib/webpacker/dev_server_proxy.rb:25:in `perform_request'
rack-proxy (0.6.5) lib/rack/proxy.rb:57:in `call'
railties (6.1.1) lib/rails/engine.rb:539:in `call'
puma (5.2.0) lib/puma/configuration.rb:247:in `call'
puma (5.2.0) lib/puma/request.rb:76:in `block in handle_request'
puma (5.2.0) lib/puma/thread_pool.rb:337:in `with_force_shutdown'
puma (5.2.0) lib/puma/request.rb:75:in `handle_request'
puma (5.2.0) lib/puma/server.rb:432:in `process_client'
puma (5.2.0) lib/puma/thread_pool.rb:145:in `block in spawn_thread'
  [1m[35m (98.8ms)[0m  [1m[35mCREATE DATABASE `tpi_final_web_development` DEFAULT CHARACTER SET `utf8mb4`[0m
  [1m[35m (14.5ms)[0m  [1m[35mCREATE DATABASE `tpi_final_web_test` DEFAULT CHARACTER SET `utf8mb4`[0m
Started GET "/" for 127.0.0.1 at 2021-01-29 18:31:32 -0300
  [1m[35m (942.1ms)[0m  [1m[35mCREATE TABLE `schema_migrations` (`version` varchar(255) NOT NULL PRIMARY KEY)[0m
  [1m[35m (463.4ms)[0m  [1m[35mCREATE TABLE `ar_internal_metadata` (`key` varchar(255) NOT NULL PRIMARY KEY, `value` varchar(255), `created_at` datetime(6) NOT NULL, `updated_at` datetime(6) NOT NULL)[0m
  [1m[35m (89.9ms)[0m  [1m[34mSELECT `schema_migrations`.`version` FROM `schema_migrations` ORDER BY `schema_migrations`.`version` ASC[0m
  
ActiveRecord::PendingMigrationError (

Migrations are pending. To resolve this issue, run:

        bin/rails db:migrate RAILS_ENV=development

You have 1 pending migration:

20210129212141_create_books.rb


):
  
activerecord (6.1.1) lib/active_record/migration.rb:625:in `check_pending!'
activerecord (6.1.1) lib/active_record/migration.rb:590:in `block (2 levels) in call'
activesupport (6.1.1) lib/active_support/evented_file_update_checker.rb:59:in `execute'
activerecord (6.1.1) lib/active_record/migration.rb:595:in `block in call'
activerecord (6.1.1) lib/active_record/migration.rb:587:in `synchronize'
activerecord (6.1.1) lib/active_record/migration.rb:587:in `call'
actionpack (6.1.1) lib/action_dispatch/middleware/callbacks.rb:27:in `block in call'
activesupport (6.1.1) lib/active_support/callbacks.rb:98:in `run_callbacks'
actionpack (6.1.1) lib/action_dispatch/middleware/callbacks.rb:26:in `call'
actionpack (6.1.1) lib/action_dispatch/middleware/executor.rb:14:in `call'
actionpack (6.1.1) lib/action_dispatch/middleware/actionable_exceptions.rb:18:in `call'
actionpack (6.1.1) lib/action_dispatch/middleware/debug_exceptions.rb:29:in `call'
web-console (4.1.0) lib/web_console/middleware.rb:132:in `call_app'
web-console (4.1.0) lib/web_console/middleware.rb:28:in `block in call'
web-console (4.1.0) lib/web_console/middleware.rb:17:in `catch'
web-console (4.1.0) lib/web_console/middleware.rb:17:in `call'
actionpack (6.1.1) lib/action_dispatch/middleware/show_exceptions.rb:33:in `call'
railties (6.1.1) lib/rails/rack/logger.rb:37:in `call_app'
railties (6.1.1) lib/rails/rack/logger.rb:26:in `block in call'
activesupport (6.1.1) lib/active_support/tagged_logging.rb:99:in `block in tagged'
activesupport (6.1.1) lib/active_support/tagged_logging.rb:37:in `tagged'
activesupport (6.1.1) lib/active_support/tagged_logging.rb:99:in `tagged'
railties (6.1.1) lib/rails/rack/logger.rb:26:in `call'
sprockets-rails (3.2.2) lib/sprockets/rails/quiet_assets.rb:13:in `call'
actionpack (6.1.1) lib/action_dispatch/middleware/remote_ip.rb:81:in `call'
actionpack (6.1.1) lib/action_dispatch/middleware/request_id.rb:26:in `call'
rack (2.2.3) lib/rack/method_override.rb:24:in `call'
rack (2.2.3) lib/rack/runtime.rb:22:in `call'
activesupport (6.1.1) lib/active_support/cache/strategy/local_cache_middleware.rb:29:in `call'
actionpack (6.1.1) lib/action_dispatch/middleware/executor.rb:14:in `call'
actionpack (6.1.1) lib/action_dispatch/middleware/static.rb:24:in `call'
rack (2.2.3) lib/rack/sendfile.rb:110:in `call'
actionpack (6.1.1) lib/action_dispatch/middleware/host_authorization.rb:98:in `call'
rack-mini-profiler (2.3.1) lib/mini_profiler/profiler.rb:373:in `call'
webpacker (5.2.1) lib/webpacker/dev_server_proxy.rb:25:in `perform_request'
rack-proxy (0.6.5) lib/rack/proxy.rb:57:in `call'
railties (6.1.1) lib/rails/engine.rb:539:in `call'
puma (5.2.0) lib/puma/configuration.rb:247:in `call'
puma (5.2.0) lib/puma/request.rb:76:in `block in handle_request'
puma (5.2.0) lib/puma/thread_pool.rb:337:in `with_force_shutdown'
puma (5.2.0) lib/puma/request.rb:75:in `handle_request'
puma (5.2.0) lib/puma/server.rb:432:in `process_client'
puma (5.2.0) lib/puma/thread_pool.rb:145:in `block in spawn_thread'
Started GET "/" for 127.0.0.1 at 2021-01-29 18:33:36 -0300
  [1m[35m (0.8ms)[0m  [1m[34mSELECT `schema_migrations`.`version` FROM `schema_migrations` ORDER BY `schema_migrations`.`version` ASC[0m
Processing by Rails::WelcomeController#index as HTML
  Rendering /home/daiana/.rbenv/versions/2.7.1/lib/ruby/gems/2.7.0/gems/railties-6.1.1/lib/rails/templates/rails/welcome/index.html.erb
  Rendered /home/daiana/.rbenv/versions/2.7.1/lib/ruby/gems/2.7.0/gems/railties-6.1.1/lib/rails/templates/rails/welcome/index.html.erb (Duration: 24.4ms | Allocations: 340)
Completed 200 OK in 41ms (Views: 28.8ms | ActiveRecord: 0.0ms | Allocations: 2884)


